{
  "RSpec": {
    "coverage": {
      "/Users/jpferreira/Desktop/Projects/week_10/bank_tech_test/lib/account.rb": {
        "lines": [
          1,
          null,
          1,
          null,
          1,
          null,
          1,
          null,
          1,
          8,
          8,
          null,
          null,
          1,
          4,
          4,
          null,
          null,
          1,
          3,
          3,
          null,
          null,
          null,
          null
        ]
      },
      "/Users/jpferreira/Desktop/Projects/week_10/bank_tech_test/lib/statement.rb": {
        "lines": [
          1,
          1,
          null,
          1,
          null,
          1,
          null,
          1,
          8,
          null,
          null,
          1,
          1,
          1,
          null,
          1,
          2,
          null,
          1,
          1,
          null,
          null,
          1,
          4,
          null,
          null,
          1,
          3,
          null,
          null,
          1,
          7,
          null,
          null,
          null
        ]
      }
    },
    "timestamp": 1625569148
  }
}
